<?xml version="1.0" encoding="UTF-8"?>
<coverage generated="1729765588943" clover="3.2.0">
  <project timestamp="1729765588944" name="All files">
    <metrics statements="11" coveredstatements="11" conditionals="14" coveredconditionals="14" methods="1" coveredmethods="1" elements="26" coveredelements="26" complexity="0" loc="11" ncloc="11" packages="1" files="1" classes="1"/>
    <file name="salary.js" path="C:\Users\ADMIN\OneDrive\Desktop\CS341_Test_A2_JS\salary.js">
      <metrics statements="11" coveredstatements="11" conditionals="14" coveredconditionals="14" methods="1" coveredmethods="1"/>
      <line num="3" count="11" type="cond" truecount="2" falsecount="0"/>
      <line num="4" count="1" type="stmt"/>
      <line num="5" count="10" type="cond" truecount="4" falsecount="0"/>
      <line num="6" count="3" type="stmt"/>
      <line num="7" count="7" type="cond" truecount="4" falsecount="0"/>
      <line num="8" count="3" type="stmt"/>
      <line num="9" count="4" type="cond" truecount="4" falsecount="0"/>
      <line num="10" count="2" type="stmt"/>
      <line num="12" count="2" type="stmt"/>
      <line num="15" count="10" type="stmt"/>
      <line num="18" count="1" type="stmt"/>
    </file>
  </project>
</coverage>
