{"C:\\Users\\ADMIN\\OneDrive\\Desktop\\CS341_Test_A2_JS\\salary.js": {"path":"C:\\Users\\ADMIN\\OneDrive\\Desktop\\CS341_Test_A2_JS\\salary.js","statementMap":{"0":{"start":{"line":3,"column":4},"end":{"line":13,"column":5}},"1":{"start":{"line":4,"column":8},"end":{"line":4,"column":18}},"2":{"start":{"line":5,"column":11},"end":{"line":13,"column":5}},"3":{"start":{"line":6,"column":8},"end":{"line":6,"column":23}},"4":{"start":{"line":7,"column":11},"end":{"line":13,"column":5}},"5":{"start":{"line":8,"column":8},"end":{"line":8,"column":23}},"6":{"start":{"line":9,"column":11},"end":{"line":13,"column":5}},"7":{"start":{"line":10,"column":8},"end":{"line":10,"column":23}},"8":{"start":{"line":12,"column":8},"end":{"line":12,"column":24}},"9":{"start":{"line":15,"column":4},"end":{"line":15,"column":18}},"10":{"start":{"line":18,"column":0},"end":{"line":18,"column":33}}},"fnMap":{"0":{"name":"calculateSalary","decl":{"start":{"line":1,"column":9},"end":{"line":1,"column":24}},"loc":{"start":{"line":1,"column":37},"end":{"line":16,"column":1}},"line":1}},"branchMap":{"0":{"loc":{"start":{"line":3,"column":4},"end":{"line":13,"column":5}},"type":"if","locations":[{"start":{"line":3,"column":4},"end":{"line":13,"column":5}},{"start":{"line":5,"column":11},"end":{"line":13,"column":5}}],"line":3},"1":{"loc":{"start":{"line":5,"column":11},"end":{"line":13,"column":5}},"type":"if","locations":[{"start":{"line":5,"column":11},"end":{"line":13,"column":5}},{"start":{"line":7,"column":11},"end":{"line":13,"column":5}}],"line":5},"2":{"loc":{"start":{"line":5,"column":15},"end":{"line":5,"column":49}},"type":"binary-expr","locations":[{"start":{"line":5,"column":15},"end":{"line":5,"column":30}},{"start":{"line":5,"column":34},"end":{"line":5,"column":49}}],"line":5},"3":{"loc":{"start":{"line":7,"column":11},"end":{"line":13,"column":5}},"type":"if","locations":[{"start":{"line":7,"column":11},"end":{"line":13,"column":5}},{"start":{"line":9,"column":11},"end":{"line":13,"column":5}}],"line":7},"4":{"loc":{"start":{"line":7,"column":15},"end":{"line":7,"column":47}},"type":"binary-expr","locations":[{"start":{"line":7,"column":15},"end":{"line":7,"column":28}},{"start":{"line":7,"column":32},"end":{"line":7,"column":47}}],"line":7},"5":{"loc":{"start":{"line":9,"column":11},"end":{"line":13,"column":5}},"type":"if","locations":[{"start":{"line":9,"column":11},"end":{"line":13,"column":5}},{"start":{"line":11,"column":11},"end":{"line":13,"column":5}}],"line":9},"6":{"loc":{"start":{"line":9,"column":15},"end":{"line":9,"column":48}},"type":"binary-expr","locations":[{"start":{"line":9,"column":15},"end":{"line":9,"column":29}},{"start":{"line":9,"column":33},"end":{"line":9,"column":48}}],"line":9}},"s":{"0":11,"1":1,"2":10,"3":3,"4":7,"5":3,"6":4,"7":2,"8":2,"9":10,"10":1},"f":{"0":11},"b":{"0":[1,10],"1":[3,7],"2":[10,10],"3":[3,4],"4":[7,7],"5":[2,2],"6":[4,4]},"_coverageSchema":"1a1c01bbd47fc00a2c39e90264f33305004495a9","hash":"81438f4a4ffc7bf1686338d183e467fa8d104b22"}
}
